<?xml version="1.0" encoding="UTF-8"?>
<testsuite xmlns:xsi="http://www.w3.org/2001/XMLSchema-instance" xsi:noNamespaceSchemaLocation="https://maven.apache.org/surefire/maven-surefire-plugin/xsd/surefire-test-report.xsd" name="uk.ac.ed.inf.AppTest" time="95.103" tests="31" errors="0" skipped="0" failures="0">
  <properties>
[...]
</properties>
  <testcase name="testGetLandmarks" classname="uk.ac.ed.inf.AppTest" time="0.237"/>
  <testcase name="testGetMenus" classname="uk.ac.ed.inf.AppTest" time="0.007"/>
  <testcase name="testGetShops" classname="uk.ac.ed.inf.AppTest" time="0.855"/>
  <testcase name="testCloseToFalse" classname="uk.ac.ed.inf.AppTest" time="0"/>
  <testcase name="testApp" classname="uk.ac.ed.inf.AppTest" time="87.845"/>
  <testcase name="testAngle20" classname="uk.ac.ed.inf.AppTest" time="0"/>
  <testcase name="testAngle50" classname="uk.ac.ed.inf.AppTest" time="0"/>
  <testcase name="testAngle90" classname="uk.ac.ed.inf.AppTest" time="0"/>
  <testcase name="testAngle" classname="uk.ac.ed.inf.AppTest" time="0"/>
  <testcase name="testOrderDetails" classname="uk.ac.ed.inf.AppTest" time="0.005"/>
  <testcase name="testLocationFromWords" classname="uk.ac.ed.inf.AppTest" time="0.118"/>
  <testcase name="testCloseToTrue" classname="uk.ac.ed.inf.AppTest" time="0"/>
  <testcase name="testAngle140" classname="uk.ac.ed.inf.AppTest" time="0"/>
  <testcase name="testAngle190" classname="uk.ac.ed.inf.AppTest" time="0"/>
  <testcase name="testAngle260" classname="uk.ac.ed.inf.AppTest" time="0"/>
  <testcase name="testAngle300" classname="uk.ac.ed.inf.AppTest" time="0"/>
  <testcase name="testAngle350" classname="uk.ac.ed.inf.AppTest" time="0"/>
  <testcase name="testAngle999" classname="uk.ac.ed.inf.AppTest" time="0"/>
  <testcase name="testPossibleTrue" classname="uk.ac.ed.inf.AppTest" time="0.119"/>
  <testcase name="testHowMany" classname="uk.ac.ed.inf.AppTest" time="0.636"/>
  <testcase name="testHowManyForOrder" classname="uk.ac.ed.inf.AppTest" time="1.098"/>
  <testcase name="testMoveTo2" classname="uk.ac.ed.inf.AppTest" time="2.405"/>
  <testcase name="testGetFeatures" classname="uk.ac.ed.inf.AppTest" time="0.002"/>
  <testcase name="testAngle0" classname="uk.ac.ed.inf.AppTest" time="0"/>
  <testcase name="testGetOrders" classname="uk.ac.ed.inf.AppTest" time="0.122"/>
  <testcase name="testPossible" classname="uk.ac.ed.inf.AppTest" time="0.119"/>
  <testcase name="testIsConfinedFalse" classname="uk.ac.ed.inf.AppTest" time="0"/>
  <testcase name="testIsConfinedTrueA" classname="uk.ac.ed.inf.AppTest" time="0"/>
  <testcase name="testIsConfinedTrueB" classname="uk.ac.ed.inf.AppTest" time="0"/>
  <testcase name="testMoveTo" classname="uk.ac.ed.inf.AppTest" time="1.506"/>
  <testcase name="testDistanceTo" classname="uk.ac.ed.inf.AppTest" time="0"/>
</testsuite>